Terminals unused in grammar

   TK_ERROR


Grammar

    0 $accept: start $end

    1 start: statementList

    2 statementList: statementList statement
    3              | statement

    4 statement: print_statement TK_COMMA

    5 print_statement: TK_PRINT TK_PAR_LEFT argument TK_PAR_RIGHT

    6 argument: expression
    7         | TK_STRING
    8         | TK_CHAR

    9 expression: aritmethic

   10 aritmethic: aritmethic TK_ADD term
   11           | aritmethic TK_SUB term
   12           | term

   13 term: term TK_MULT exponent
   14     | term TK_DIV exponent
   15     | term TK_MOD exponent
   16     | exponent

   17 exponent: exponent TK_EXP factor
   18         | factor

   19 factor: TK_NUM
   20       | TK_ID
   21       | TK_PAR_LEFT expression TK_PAR_RIGHT


Terminals, with rules where they appear

$end (0) 0
error (256)
TK_ADD (258) 10
TK_SUB (259) 11
TK_MULT (260) 13
TK_DIV (261) 14
TK_MOD (262) 15
TK_EXP (263) 17
TK_NUM (264) 19
TK_ID (265) 20
TK_STRING (266) 7
TK_CHAR (267) 8
TK_PRINT (268) 5
TK_PAR_LEFT (269) 5 21
TK_PAR_RIGHT (270) 5 21
TK_ERROR (271)
TK_COMMA (272) 4


Nonterminals, with rules where they appear

$accept (18)
    on left: 0
start (19)
    on left: 1, on right: 0
statementList (20)
    on left: 2 3, on right: 1 2
statement (21)
    on left: 4, on right: 2 3
print_statement (22)
    on left: 5, on right: 4
argument (23)
    on left: 6 7 8, on right: 5
expression (24)
    on left: 9, on right: 6 21
aritmethic (25)
    on left: 10 11 12, on right: 9 10 11
term (26)
    on left: 13 14 15 16, on right: 10 11 12 13 14 15
exponent (27)
    on left: 17 18, on right: 13 14 15 16 17
factor (28)
    on left: 19 20 21, on right: 17 18


State 0

    0 $accept: . start $end
    1 start: . statementList
    2 statementList: . statementList statement
    3              | . statement
    4 statement: . print_statement TK_COMMA
    5 print_statement: . TK_PRINT TK_PAR_LEFT argument TK_PAR_RIGHT

    TK_PRINT  shift, and go to state 1

    start            go to state 2
    statementList    go to state 3
    statement        go to state 4
    print_statement  go to state 5


State 1

    5 print_statement: TK_PRINT . TK_PAR_LEFT argument TK_PAR_RIGHT

    TK_PAR_LEFT  shift, and go to state 6


State 2

    0 $accept: start . $end

    $end  shift, and go to state 7


State 3

    1 start: statementList .  [$end]
    2 statementList: statementList . statement
    4 statement: . print_statement TK_COMMA
    5 print_statement: . TK_PRINT TK_PAR_LEFT argument TK_PAR_RIGHT

    TK_PRINT  shift, and go to state 1

    $default  reduce using rule 1 (start)

    statement        go to state 8
    print_statement  go to state 5


State 4

    3 statementList: statement .

    $default  reduce using rule 3 (statementList)


State 5

    4 statement: print_statement . TK_COMMA

    TK_COMMA  shift, and go to state 9


State 6

    5 print_statement: TK_PRINT TK_PAR_LEFT . argument TK_PAR_RIGHT
    6 argument: . expression
    7         | . TK_STRING
    8         | . TK_CHAR
    9 expression: . aritmethic
   10 aritmethic: . aritmethic TK_ADD term
   11           | . aritmethic TK_SUB term
   12           | . term
   13 term: . term TK_MULT exponent
   14     | . term TK_DIV exponent
   15     | . term TK_MOD exponent
   16     | . exponent
   17 exponent: . exponent TK_EXP factor
   18         | . factor
   19 factor: . TK_NUM
   20       | . TK_ID
   21       | . TK_PAR_LEFT expression TK_PAR_RIGHT

    TK_NUM       shift, and go to state 10
    TK_ID        shift, and go to state 11
    TK_STRING    shift, and go to state 12
    TK_CHAR      shift, and go to state 13
    TK_PAR_LEFT  shift, and go to state 14

    argument    go to state 15
    expression  go to state 16
    aritmethic  go to state 17
    term        go to state 18
    exponent    go to state 19
    factor      go to state 20


State 7

    0 $accept: start $end .

    $default  accept


State 8

    2 statementList: statementList statement .

    $default  reduce using rule 2 (statementList)


State 9

    4 statement: print_statement TK_COMMA .

    $default  reduce using rule 4 (statement)


State 10

   19 factor: TK_NUM .

    $default  reduce using rule 19 (factor)


State 11

   20 factor: TK_ID .

    $default  reduce using rule 20 (factor)


State 12

    7 argument: TK_STRING .

    $default  reduce using rule 7 (argument)


State 13

    8 argument: TK_CHAR .

    $default  reduce using rule 8 (argument)


State 14

    9 expression: . aritmethic
   10 aritmethic: . aritmethic TK_ADD term
   11           | . aritmethic TK_SUB term
   12           | . term
   13 term: . term TK_MULT exponent
   14     | . term TK_DIV exponent
   15     | . term TK_MOD exponent
   16     | . exponent
   17 exponent: . exponent TK_EXP factor
   18         | . factor
   19 factor: . TK_NUM
   20       | . TK_ID
   21       | . TK_PAR_LEFT expression TK_PAR_RIGHT
   21       | TK_PAR_LEFT . expression TK_PAR_RIGHT

    TK_NUM       shift, and go to state 10
    TK_ID        shift, and go to state 11
    TK_PAR_LEFT  shift, and go to state 14

    expression  go to state 21
    aritmethic  go to state 17
    term        go to state 18
    exponent    go to state 19
    factor      go to state 20


State 15

    5 print_statement: TK_PRINT TK_PAR_LEFT argument . TK_PAR_RIGHT

    TK_PAR_RIGHT  shift, and go to state 22


State 16

    6 argument: expression .

    $default  reduce using rule 6 (argument)


State 17

    9 expression: aritmethic .  [TK_PAR_RIGHT]
   10 aritmethic: aritmethic . TK_ADD term
   11           | aritmethic . TK_SUB term

    TK_ADD  shift, and go to state 23
    TK_SUB  shift, and go to state 24

    $default  reduce using rule 9 (expression)


State 18

   12 aritmethic: term .  [TK_ADD, TK_SUB, TK_PAR_RIGHT]
   13 term: term . TK_MULT exponent
   14     | term . TK_DIV exponent
   15     | term . TK_MOD exponent

    TK_MULT  shift, and go to state 25
    TK_DIV   shift, and go to state 26
    TK_MOD   shift, and go to state 27

    $default  reduce using rule 12 (aritmethic)


State 19

   16 term: exponent .  [TK_ADD, TK_SUB, TK_MULT, TK_DIV, TK_MOD, TK_PAR_RIGHT]
   17 exponent: exponent . TK_EXP factor

    TK_EXP  shift, and go to state 28

    $default  reduce using rule 16 (term)


State 20

   18 exponent: factor .

    $default  reduce using rule 18 (exponent)


State 21

   21 factor: TK_PAR_LEFT expression . TK_PAR_RIGHT

    TK_PAR_RIGHT  shift, and go to state 29


State 22

    5 print_statement: TK_PRINT TK_PAR_LEFT argument TK_PAR_RIGHT .

    $default  reduce using rule 5 (print_statement)


State 23

   10 aritmethic: aritmethic TK_ADD . term
   13 term: . term TK_MULT exponent
   14     | . term TK_DIV exponent
   15     | . term TK_MOD exponent
   16     | . exponent
   17 exponent: . exponent TK_EXP factor
   18         | . factor
   19 factor: . TK_NUM
   20       | . TK_ID
   21       | . TK_PAR_LEFT expression TK_PAR_RIGHT

    TK_NUM       shift, and go to state 10
    TK_ID        shift, and go to state 11
    TK_PAR_LEFT  shift, and go to state 14

    term      go to state 30
    exponent  go to state 19
    factor    go to state 20


State 24

   11 aritmethic: aritmethic TK_SUB . term
   13 term: . term TK_MULT exponent
   14     | . term TK_DIV exponent
   15     | . term TK_MOD exponent
   16     | . exponent
   17 exponent: . exponent TK_EXP factor
   18         | . factor
   19 factor: . TK_NUM
   20       | . TK_ID
   21       | . TK_PAR_LEFT expression TK_PAR_RIGHT

    TK_NUM       shift, and go to state 10
    TK_ID        shift, and go to state 11
    TK_PAR_LEFT  shift, and go to state 14

    term      go to state 31
    exponent  go to state 19
    factor    go to state 20


State 25

   13 term: term TK_MULT . exponent
   17 exponent: . exponent TK_EXP factor
   18         | . factor
   19 factor: . TK_NUM
   20       | . TK_ID
   21       | . TK_PAR_LEFT expression TK_PAR_RIGHT

    TK_NUM       shift, and go to state 10
    TK_ID        shift, and go to state 11
    TK_PAR_LEFT  shift, and go to state 14

    exponent  go to state 32
    factor    go to state 20


State 26

   14 term: term TK_DIV . exponent
   17 exponent: . exponent TK_EXP factor
   18         | . factor
   19 factor: . TK_NUM
   20       | . TK_ID
   21       | . TK_PAR_LEFT expression TK_PAR_RIGHT

    TK_NUM       shift, and go to state 10
    TK_ID        shift, and go to state 11
    TK_PAR_LEFT  shift, and go to state 14

    exponent  go to state 33
    factor    go to state 20


State 27

   15 term: term TK_MOD . exponent
   17 exponent: . exponent TK_EXP factor
   18         | . factor
   19 factor: . TK_NUM
   20       | . TK_ID
   21       | . TK_PAR_LEFT expression TK_PAR_RIGHT

    TK_NUM       shift, and go to state 10
    TK_ID        shift, and go to state 11
    TK_PAR_LEFT  shift, and go to state 14

    exponent  go to state 34
    factor    go to state 20


State 28

   17 exponent: exponent TK_EXP . factor
   19 factor: . TK_NUM
   20       | . TK_ID
   21       | . TK_PAR_LEFT expression TK_PAR_RIGHT

    TK_NUM       shift, and go to state 10
    TK_ID        shift, and go to state 11
    TK_PAR_LEFT  shift, and go to state 14

    factor  go to state 35


State 29

   21 factor: TK_PAR_LEFT expression TK_PAR_RIGHT .

    $default  reduce using rule 21 (factor)


State 30

   10 aritmethic: aritmethic TK_ADD term .  [TK_ADD, TK_SUB, TK_PAR_RIGHT]
   13 term: term . TK_MULT exponent
   14     | term . TK_DIV exponent
   15     | term . TK_MOD exponent

    TK_MULT  shift, and go to state 25
    TK_DIV   shift, and go to state 26
    TK_MOD   shift, and go to state 27

    $default  reduce using rule 10 (aritmethic)


State 31

   11 aritmethic: aritmethic TK_SUB term .  [TK_ADD, TK_SUB, TK_PAR_RIGHT]
   13 term: term . TK_MULT exponent
   14     | term . TK_DIV exponent
   15     | term . TK_MOD exponent

    TK_MULT  shift, and go to state 25
    TK_DIV   shift, and go to state 26
    TK_MOD   shift, and go to state 27

    $default  reduce using rule 11 (aritmethic)


State 32

   13 term: term TK_MULT exponent .  [TK_ADD, TK_SUB, TK_MULT, TK_DIV, TK_MOD, TK_PAR_RIGHT]
   17 exponent: exponent . TK_EXP factor

    TK_EXP  shift, and go to state 28

    $default  reduce using rule 13 (term)


State 33

   14 term: term TK_DIV exponent .  [TK_ADD, TK_SUB, TK_MULT, TK_DIV, TK_MOD, TK_PAR_RIGHT]
   17 exponent: exponent . TK_EXP factor

    TK_EXP  shift, and go to state 28

    $default  reduce using rule 14 (term)


State 34

   15 term: term TK_MOD exponent .  [TK_ADD, TK_SUB, TK_MULT, TK_DIV, TK_MOD, TK_PAR_RIGHT]
   17 exponent: exponent . TK_EXP factor

    TK_EXP  shift, and go to state 28

    $default  reduce using rule 15 (term)


State 35

   17 exponent: exponent TK_EXP factor .

    $default  reduce using rule 17 (exponent)
