Terminals unused in grammar

   TK_INC
   TK_DEC
   TK_EQUALS
   TK_NOT_EQUALS
   TK_LESS_THAN_EQUALS
   TK_GREATER_THAN_EQUALS
   TK_LOGICAL_AND
   TL_LOGICAL_OR
   TK_DOUBLE_COLON
   TK_ADD_ASGN
   TK_SUB_ASGN
   TK_MULT_ASGN
   TK_DIV_ASGN
   TK_MOD_ASGN
   TK_POW_ASGN
   TK_BOOL
   TK_INT
   TK_IF
   TK_ELSE
   TK_ELSEIF
   TK_WHILE
   TK_FOR
   TK_FUNCTION
   TK_RETURN
   TK_ARRAY
   TK_END
   TK_ERROR


Grammar

    0 $accept: start $end

    1 start: opEols statementList opEols

    2 new_line: new_line TK_EOL
    3         | TK_EOL

    4 opEols: new_line
    5       | %empty

    6 statementList: statementList TK_EOL statement
    7              | statement

    8 statement: print_statement

    9 print_statement: TK_PRINT '(' print_argument ')'
   10                | TK_PRINTLN '(' print_argument ')'

   11 print_argument: STRING_LITERAL
   12               | expression

   13 argument_expression_list: argument_expression_list ',' expression
   14                         | expression

   15 expression: shift_exp

   16 shift_exp: shift_exp TK_SHIFT_LEFT term
   17          | shift_exp TK_SHIFT_RIGHT term
   18          | term

   19 term: term '*' exponent
   20     | term '/' exponent
   21     | term '%' exponent
   22     | exponent

   23 exponent: exponent '^' unary_exp
   24         | unary_exp

   25 unary_exp: '-' unary_exp
   26          | '+' unary_exp
   27          | '~' unary_exp
   28          | '!' unary_exp
   29          | post_id

   30 post_id: factor
   31        | TK_ID '(' argument_expression_list ')'
   32        | TK_ID '(' ')'
   33        | TK_ID '[' TK_NUM ']'

   34 factor: TK_NUM
   35       | TK_TRUE
   36       | TK_FALSE
   37       | TK_ID
   38       | '(' expression ')'


Terminals, with rules where they appear

$end (0) 0
'!' (33) 28
'%' (37) 21
'(' (40) 9 10 31 32 38
')' (41) 9 10 31 32 38
'*' (42) 19
'+' (43) 26
',' (44) 13
'-' (45) 25
'/' (47) 20
'[' (91) 33
']' (93) 33
'^' (94) 23
'~' (126) 27
error (256)
TK_NUM (258) 33 34
TK_TRUE (259) 35
TK_FALSE (260) 36
TK_ID (261) 31 32 33 37
STRING_LITERAL (262) 11
TK_EOL (263) 2 3 6
TK_INC (264)
TK_DEC (265)
TK_SHIFT_RIGHT (266) 17
TK_SHIFT_LEFT (267) 16
TK_EQUALS (268)
TK_NOT_EQUALS (269)
TK_LESS_THAN_EQUALS (270)
TK_GREATER_THAN_EQUALS (271)
TK_LOGICAL_AND (272)
TL_LOGICAL_OR (273)
TK_DOUBLE_COLON (274)
TK_ADD_ASGN (275)
TK_SUB_ASGN (276)
TK_MULT_ASGN (277)
TK_DIV_ASGN (278)
TK_MOD_ASGN (279)
TK_POW_ASGN (280)
TK_PRINT (281) 9
TK_PRINTLN (282) 10
TK_BOOL (283)
TK_INT (284)
TK_IF (285)
TK_ELSE (286)
TK_ELSEIF (287)
TK_WHILE (288)
TK_FOR (289)
TK_FUNCTION (290)
TK_RETURN (291)
TK_ARRAY (292)
TK_END (293)
TK_ERROR (294)


Nonterminals, with rules where they appear

$accept (53)
    on left: 0
start (54)
    on left: 1, on right: 0
new_line (55)
    on left: 2 3, on right: 2 4
opEols (56)
    on left: 4 5, on right: 1
statementList (57)
    on left: 6 7, on right: 1 6
statement (58)
    on left: 8, on right: 6 7
print_statement (59)
    on left: 9 10, on right: 8
print_argument (60)
    on left: 11 12, on right: 9 10
argument_expression_list (61)
    on left: 13 14, on right: 13 31
expression (62)
    on left: 15, on right: 12 13 14 38
shift_exp (63)
    on left: 16 17 18, on right: 15 16 17
term (64)
    on left: 19 20 21 22, on right: 16 17 18 19 20 21
exponent (65)
    on left: 23 24, on right: 19 20 21 22 23
unary_exp (66)
    on left: 25 26 27 28 29, on right: 23 24 25 26 27 28
post_id (67)
    on left: 30 31 32 33, on right: 29
factor (68)
    on left: 34 35 36 37 38, on right: 30


State 0

    0 $accept: . start $end
    1 start: . opEols statementList opEols
    2 new_line: . new_line TK_EOL
    3         | . TK_EOL
    4 opEols: . new_line
    5       | . %empty  [TK_PRINT, TK_PRINTLN]

    TK_EOL  shift, and go to state 1

    $default  reduce using rule 5 (opEols)

    start     go to state 2
    new_line  go to state 3
    opEols    go to state 4


State 1

    3 new_line: TK_EOL .

    $default  reduce using rule 3 (new_line)


State 2

    0 $accept: start . $end

    $end  shift, and go to state 5


State 3

    2 new_line: new_line . TK_EOL
    4 opEols: new_line .  [$end, TK_PRINT, TK_PRINTLN]

    TK_EOL  shift, and go to state 6

    $default  reduce using rule 4 (opEols)


State 4

    1 start: opEols . statementList opEols
    6 statementList: . statementList TK_EOL statement
    7              | . statement
    8 statement: . print_statement
    9 print_statement: . TK_PRINT '(' print_argument ')'
   10                | . TK_PRINTLN '(' print_argument ')'

    TK_PRINT    shift, and go to state 7
    TK_PRINTLN  shift, and go to state 8

    statementList    go to state 9
    statement        go to state 10
    print_statement  go to state 11


State 5

    0 $accept: start $end .

    $default  accept


State 6

    2 new_line: new_line TK_EOL .

    $default  reduce using rule 2 (new_line)


State 7

    9 print_statement: TK_PRINT . '(' print_argument ')'

    '('  shift, and go to state 12


State 8

   10 print_statement: TK_PRINTLN . '(' print_argument ')'

    '('  shift, and go to state 13


State 9

    1 start: opEols statementList . opEols
    2 new_line: . new_line TK_EOL
    3         | . TK_EOL
    4 opEols: . new_line
    5       | . %empty  [$end]
    6 statementList: statementList . TK_EOL statement

    TK_EOL  shift, and go to state 14

    $default  reduce using rule 5 (opEols)

    new_line  go to state 3
    opEols    go to state 15


State 10

    7 statementList: statement .

    $default  reduce using rule 7 (statementList)


State 11

    8 statement: print_statement .

    $default  reduce using rule 8 (statement)


State 12

    9 print_statement: TK_PRINT '(' . print_argument ')'
   11 print_argument: . STRING_LITERAL
   12               | . expression
   15 expression: . shift_exp
   16 shift_exp: . shift_exp TK_SHIFT_LEFT term
   17          | . shift_exp TK_SHIFT_RIGHT term
   18          | . term
   19 term: . term '*' exponent
   20     | . term '/' exponent
   21     | . term '%' exponent
   22     | . exponent
   23 exponent: . exponent '^' unary_exp
   24         | . unary_exp
   25 unary_exp: . '-' unary_exp
   26          | . '+' unary_exp
   27          | . '~' unary_exp
   28          | . '!' unary_exp
   29          | . post_id
   30 post_id: . factor
   31        | . TK_ID '(' argument_expression_list ')'
   32        | . TK_ID '(' ')'
   33        | . TK_ID '[' TK_NUM ']'
   34 factor: . TK_NUM
   35       | . TK_TRUE
   36       | . TK_FALSE
   37       | . TK_ID
   38       | . '(' expression ')'

    TK_NUM          shift, and go to state 16
    TK_TRUE         shift, and go to state 17
    TK_FALSE        shift, and go to state 18
    TK_ID           shift, and go to state 19
    STRING_LITERAL  shift, and go to state 20
    '('             shift, and go to state 21
    '-'             shift, and go to state 22
    '+'             shift, and go to state 23
    '~'             shift, and go to state 24
    '!'             shift, and go to state 25

    print_argument  go to state 26
    expression      go to state 27
    shift_exp       go to state 28
    term            go to state 29
    exponent        go to state 30
    unary_exp       go to state 31
    post_id         go to state 32
    factor          go to state 33


State 13

   10 print_statement: TK_PRINTLN '(' . print_argument ')'
   11 print_argument: . STRING_LITERAL
   12               | . expression
   15 expression: . shift_exp
   16 shift_exp: . shift_exp TK_SHIFT_LEFT term
   17          | . shift_exp TK_SHIFT_RIGHT term
   18          | . term
   19 term: . term '*' exponent
   20     | . term '/' exponent
   21     | . term '%' exponent
   22     | . exponent
   23 exponent: . exponent '^' unary_exp
   24         | . unary_exp
   25 unary_exp: . '-' unary_exp
   26          | . '+' unary_exp
   27          | . '~' unary_exp
   28          | . '!' unary_exp
   29          | . post_id
   30 post_id: . factor
   31        | . TK_ID '(' argument_expression_list ')'
   32        | . TK_ID '(' ')'
   33        | . TK_ID '[' TK_NUM ']'
   34 factor: . TK_NUM
   35       | . TK_TRUE
   36       | . TK_FALSE
   37       | . TK_ID
   38       | . '(' expression ')'

    TK_NUM          shift, and go to state 16
    TK_TRUE         shift, and go to state 17
    TK_FALSE        shift, and go to state 18
    TK_ID           shift, and go to state 19
    STRING_LITERAL  shift, and go to state 20
    '('             shift, and go to state 21
    '-'             shift, and go to state 22
    '+'             shift, and go to state 23
    '~'             shift, and go to state 24
    '!'             shift, and go to state 25

    print_argument  go to state 34
    expression      go to state 27
    shift_exp       go to state 28
    term            go to state 29
    exponent        go to state 30
    unary_exp       go to state 31
    post_id         go to state 32
    factor          go to state 33


State 14

    3 new_line: TK_EOL .  [$end, TK_EOL]
    6 statementList: statementList TK_EOL . statement
    8 statement: . print_statement
    9 print_statement: . TK_PRINT '(' print_argument ')'
   10                | . TK_PRINTLN '(' print_argument ')'

    TK_PRINT    shift, and go to state 7
    TK_PRINTLN  shift, and go to state 8

    $default  reduce using rule 3 (new_line)

    statement        go to state 35
    print_statement  go to state 11


State 15

    1 start: opEols statementList opEols .

    $default  reduce using rule 1 (start)


State 16

   34 factor: TK_NUM .

    $default  reduce using rule 34 (factor)


State 17

   35 factor: TK_TRUE .

    $default  reduce using rule 35 (factor)


State 18

   36 factor: TK_FALSE .

    $default  reduce using rule 36 (factor)


State 19

   31 post_id: TK_ID . '(' argument_expression_list ')'
   32        | TK_ID . '(' ')'
   33        | TK_ID . '[' TK_NUM ']'
   37 factor: TK_ID .  [TK_SHIFT_RIGHT, TK_SHIFT_LEFT, ')', ',', '*', '/', '%', '^']

    '('  shift, and go to state 36
    '['  shift, and go to state 37

    $default  reduce using rule 37 (factor)


State 20

   11 print_argument: STRING_LITERAL .

    $default  reduce using rule 11 (print_argument)


State 21

   15 expression: . shift_exp
   16 shift_exp: . shift_exp TK_SHIFT_LEFT term
   17          | . shift_exp TK_SHIFT_RIGHT term
   18          | . term
   19 term: . term '*' exponent
   20     | . term '/' exponent
   21     | . term '%' exponent
   22     | . exponent
   23 exponent: . exponent '^' unary_exp
   24         | . unary_exp
   25 unary_exp: . '-' unary_exp
   26          | . '+' unary_exp
   27          | . '~' unary_exp
   28          | . '!' unary_exp
   29          | . post_id
   30 post_id: . factor
   31        | . TK_ID '(' argument_expression_list ')'
   32        | . TK_ID '(' ')'
   33        | . TK_ID '[' TK_NUM ']'
   34 factor: . TK_NUM
   35       | . TK_TRUE
   36       | . TK_FALSE
   37       | . TK_ID
   38       | . '(' expression ')'
   38       | '(' . expression ')'

    TK_NUM    shift, and go to state 16
    TK_TRUE   shift, and go to state 17
    TK_FALSE  shift, and go to state 18
    TK_ID     shift, and go to state 19
    '('       shift, and go to state 21
    '-'       shift, and go to state 22
    '+'       shift, and go to state 23
    '~'       shift, and go to state 24
    '!'       shift, and go to state 25

    expression  go to state 38
    shift_exp   go to state 28
    term        go to state 29
    exponent    go to state 30
    unary_exp   go to state 31
    post_id     go to state 32
    factor      go to state 33


State 22

   25 unary_exp: . '-' unary_exp
   25          | '-' . unary_exp
   26          | . '+' unary_exp
   27          | . '~' unary_exp
   28          | . '!' unary_exp
   29          | . post_id
   30 post_id: . factor
   31        | . TK_ID '(' argument_expression_list ')'
   32        | . TK_ID '(' ')'
   33        | . TK_ID '[' TK_NUM ']'
   34 factor: . TK_NUM
   35       | . TK_TRUE
   36       | . TK_FALSE
   37       | . TK_ID
   38       | . '(' expression ')'

    TK_NUM    shift, and go to state 16
    TK_TRUE   shift, and go to state 17
    TK_FALSE  shift, and go to state 18
    TK_ID     shift, and go to state 19
    '('       shift, and go to state 21
    '-'       shift, and go to state 22
    '+'       shift, and go to state 23
    '~'       shift, and go to state 24
    '!'       shift, and go to state 25

    unary_exp  go to state 39
    post_id    go to state 32
    factor     go to state 33


State 23

   25 unary_exp: . '-' unary_exp
   26          | . '+' unary_exp
   26          | '+' . unary_exp
   27          | . '~' unary_exp
   28          | . '!' unary_exp
   29          | . post_id
   30 post_id: . factor
   31        | . TK_ID '(' argument_expression_list ')'
   32        | . TK_ID '(' ')'
   33        | . TK_ID '[' TK_NUM ']'
   34 factor: . TK_NUM
   35       | . TK_TRUE
   36       | . TK_FALSE
   37       | . TK_ID
   38       | . '(' expression ')'

    TK_NUM    shift, and go to state 16
    TK_TRUE   shift, and go to state 17
    TK_FALSE  shift, and go to state 18
    TK_ID     shift, and go to state 19
    '('       shift, and go to state 21
    '-'       shift, and go to state 22
    '+'       shift, and go to state 23
    '~'       shift, and go to state 24
    '!'       shift, and go to state 25

    unary_exp  go to state 40
    post_id    go to state 32
    factor     go to state 33


State 24

   25 unary_exp: . '-' unary_exp
   26          | . '+' unary_exp
   27          | . '~' unary_exp
   27          | '~' . unary_exp
   28          | . '!' unary_exp
   29          | . post_id
   30 post_id: . factor
   31        | . TK_ID '(' argument_expression_list ')'
   32        | . TK_ID '(' ')'
   33        | . TK_ID '[' TK_NUM ']'
   34 factor: . TK_NUM
   35       | . TK_TRUE
   36       | . TK_FALSE
   37       | . TK_ID
   38       | . '(' expression ')'

    TK_NUM    shift, and go to state 16
    TK_TRUE   shift, and go to state 17
    TK_FALSE  shift, and go to state 18
    TK_ID     shift, and go to state 19
    '('       shift, and go to state 21
    '-'       shift, and go to state 22
    '+'       shift, and go to state 23
    '~'       shift, and go to state 24
    '!'       shift, and go to state 25

    unary_exp  go to state 41
    post_id    go to state 32
    factor     go to state 33


State 25

   25 unary_exp: . '-' unary_exp
   26          | . '+' unary_exp
   27          | . '~' unary_exp
   28          | . '!' unary_exp
   28          | '!' . unary_exp
   29          | . post_id
   30 post_id: . factor
   31        | . TK_ID '(' argument_expression_list ')'
   32        | . TK_ID '(' ')'
   33        | . TK_ID '[' TK_NUM ']'
   34 factor: . TK_NUM
   35       | . TK_TRUE
   36       | . TK_FALSE
   37       | . TK_ID
   38       | . '(' expression ')'

    TK_NUM    shift, and go to state 16
    TK_TRUE   shift, and go to state 17
    TK_FALSE  shift, and go to state 18
    TK_ID     shift, and go to state 19
    '('       shift, and go to state 21
    '-'       shift, and go to state 22
    '+'       shift, and go to state 23
    '~'       shift, and go to state 24
    '!'       shift, and go to state 25

    unary_exp  go to state 42
    post_id    go to state 32
    factor     go to state 33


State 26

    9 print_statement: TK_PRINT '(' print_argument . ')'

    ')'  shift, and go to state 43


State 27

   12 print_argument: expression .

    $default  reduce using rule 12 (print_argument)


State 28

   15 expression: shift_exp .  [')', ',']
   16 shift_exp: shift_exp . TK_SHIFT_LEFT term
   17          | shift_exp . TK_SHIFT_RIGHT term

    TK_SHIFT_RIGHT  shift, and go to state 44
    TK_SHIFT_LEFT   shift, and go to state 45

    $default  reduce using rule 15 (expression)


State 29

   18 shift_exp: term .  [TK_SHIFT_RIGHT, TK_SHIFT_LEFT, ')', ',']
   19 term: term . '*' exponent
   20     | term . '/' exponent
   21     | term . '%' exponent

    '*'  shift, and go to state 46
    '/'  shift, and go to state 47
    '%'  shift, and go to state 48

    $default  reduce using rule 18 (shift_exp)


State 30

   22 term: exponent .  [TK_SHIFT_RIGHT, TK_SHIFT_LEFT, ')', ',', '*', '/', '%']
   23 exponent: exponent . '^' unary_exp

    '^'  shift, and go to state 49

    $default  reduce using rule 22 (term)


State 31

   24 exponent: unary_exp .

    $default  reduce using rule 24 (exponent)


State 32

   29 unary_exp: post_id .

    $default  reduce using rule 29 (unary_exp)


State 33

   30 post_id: factor .

    $default  reduce using rule 30 (post_id)


State 34

   10 print_statement: TK_PRINTLN '(' print_argument . ')'

    ')'  shift, and go to state 50


State 35

    6 statementList: statementList TK_EOL statement .

    $default  reduce using rule 6 (statementList)


State 36

   13 argument_expression_list: . argument_expression_list ',' expression
   14                         | . expression
   15 expression: . shift_exp
   16 shift_exp: . shift_exp TK_SHIFT_LEFT term
   17          | . shift_exp TK_SHIFT_RIGHT term
   18          | . term
   19 term: . term '*' exponent
   20     | . term '/' exponent
   21     | . term '%' exponent
   22     | . exponent
   23 exponent: . exponent '^' unary_exp
   24         | . unary_exp
   25 unary_exp: . '-' unary_exp
   26          | . '+' unary_exp
   27          | . '~' unary_exp
   28          | . '!' unary_exp
   29          | . post_id
   30 post_id: . factor
   31        | . TK_ID '(' argument_expression_list ')'
   31        | TK_ID '(' . argument_expression_list ')'
   32        | . TK_ID '(' ')'
   32        | TK_ID '(' . ')'
   33        | . TK_ID '[' TK_NUM ']'
   34 factor: . TK_NUM
   35       | . TK_TRUE
   36       | . TK_FALSE
   37       | . TK_ID
   38       | . '(' expression ')'

    TK_NUM    shift, and go to state 16
    TK_TRUE   shift, and go to state 17
    TK_FALSE  shift, and go to state 18
    TK_ID     shift, and go to state 19
    '('       shift, and go to state 21
    ')'       shift, and go to state 51
    '-'       shift, and go to state 22
    '+'       shift, and go to state 23
    '~'       shift, and go to state 24
    '!'       shift, and go to state 25

    argument_expression_list  go to state 52
    expression                go to state 53
    shift_exp                 go to state 28
    term                      go to state 29
    exponent                  go to state 30
    unary_exp                 go to state 31
    post_id                   go to state 32
    factor                    go to state 33


State 37

   33 post_id: TK_ID '[' . TK_NUM ']'

    TK_NUM  shift, and go to state 54


State 38

   38 factor: '(' expression . ')'

    ')'  shift, and go to state 55


State 39

   25 unary_exp: '-' unary_exp .

    $default  reduce using rule 25 (unary_exp)


State 40

   26 unary_exp: '+' unary_exp .

    $default  reduce using rule 26 (unary_exp)


State 41

   27 unary_exp: '~' unary_exp .

    $default  reduce using rule 27 (unary_exp)


State 42

   28 unary_exp: '!' unary_exp .

    $default  reduce using rule 28 (unary_exp)


State 43

    9 print_statement: TK_PRINT '(' print_argument ')' .

    $default  reduce using rule 9 (print_statement)


State 44

   17 shift_exp: shift_exp TK_SHIFT_RIGHT . term
   19 term: . term '*' exponent
   20     | . term '/' exponent
   21     | . term '%' exponent
   22     | . exponent
   23 exponent: . exponent '^' unary_exp
   24         | . unary_exp
   25 unary_exp: . '-' unary_exp
   26          | . '+' unary_exp
   27          | . '~' unary_exp
   28          | . '!' unary_exp
   29          | . post_id
   30 post_id: . factor
   31        | . TK_ID '(' argument_expression_list ')'
   32        | . TK_ID '(' ')'
   33        | . TK_ID '[' TK_NUM ']'
   34 factor: . TK_NUM
   35       | . TK_TRUE
   36       | . TK_FALSE
   37       | . TK_ID
   38       | . '(' expression ')'

    TK_NUM    shift, and go to state 16
    TK_TRUE   shift, and go to state 17
    TK_FALSE  shift, and go to state 18
    TK_ID     shift, and go to state 19
    '('       shift, and go to state 21
    '-'       shift, and go to state 22
    '+'       shift, and go to state 23
    '~'       shift, and go to state 24
    '!'       shift, and go to state 25

    term       go to state 56
    exponent   go to state 30
    unary_exp  go to state 31
    post_id    go to state 32
    factor     go to state 33


State 45

   16 shift_exp: shift_exp TK_SHIFT_LEFT . term
   19 term: . term '*' exponent
   20     | . term '/' exponent
   21     | . term '%' exponent
   22     | . exponent
   23 exponent: . exponent '^' unary_exp
   24         | . unary_exp
   25 unary_exp: . '-' unary_exp
   26          | . '+' unary_exp
   27          | . '~' unary_exp
   28          | . '!' unary_exp
   29          | . post_id
   30 post_id: . factor
   31        | . TK_ID '(' argument_expression_list ')'
   32        | . TK_ID '(' ')'
   33        | . TK_ID '[' TK_NUM ']'
   34 factor: . TK_NUM
   35       | . TK_TRUE
   36       | . TK_FALSE
   37       | . TK_ID
   38       | . '(' expression ')'

    TK_NUM    shift, and go to state 16
    TK_TRUE   shift, and go to state 17
    TK_FALSE  shift, and go to state 18
    TK_ID     shift, and go to state 19
    '('       shift, and go to state 21
    '-'       shift, and go to state 22
    '+'       shift, and go to state 23
    '~'       shift, and go to state 24
    '!'       shift, and go to state 25

    term       go to state 57
    exponent   go to state 30
    unary_exp  go to state 31
    post_id    go to state 32
    factor     go to state 33


State 46

   19 term: term '*' . exponent
   23 exponent: . exponent '^' unary_exp
   24         | . unary_exp
   25 unary_exp: . '-' unary_exp
   26          | . '+' unary_exp
   27          | . '~' unary_exp
   28          | . '!' unary_exp
   29          | . post_id
   30 post_id: . factor
   31        | . TK_ID '(' argument_expression_list ')'
   32        | . TK_ID '(' ')'
   33        | . TK_ID '[' TK_NUM ']'
   34 factor: . TK_NUM
   35       | . TK_TRUE
   36       | . TK_FALSE
   37       | . TK_ID
   38       | . '(' expression ')'

    TK_NUM    shift, and go to state 16
    TK_TRUE   shift, and go to state 17
    TK_FALSE  shift, and go to state 18
    TK_ID     shift, and go to state 19
    '('       shift, and go to state 21
    '-'       shift, and go to state 22
    '+'       shift, and go to state 23
    '~'       shift, and go to state 24
    '!'       shift, and go to state 25

    exponent   go to state 58
    unary_exp  go to state 31
    post_id    go to state 32
    factor     go to state 33


State 47

   20 term: term '/' . exponent
   23 exponent: . exponent '^' unary_exp
   24         | . unary_exp
   25 unary_exp: . '-' unary_exp
   26          | . '+' unary_exp
   27          | . '~' unary_exp
   28          | . '!' unary_exp
   29          | . post_id
   30 post_id: . factor
   31        | . TK_ID '(' argument_expression_list ')'
   32        | . TK_ID '(' ')'
   33        | . TK_ID '[' TK_NUM ']'
   34 factor: . TK_NUM
   35       | . TK_TRUE
   36       | . TK_FALSE
   37       | . TK_ID
   38       | . '(' expression ')'

    TK_NUM    shift, and go to state 16
    TK_TRUE   shift, and go to state 17
    TK_FALSE  shift, and go to state 18
    TK_ID     shift, and go to state 19
    '('       shift, and go to state 21
    '-'       shift, and go to state 22
    '+'       shift, and go to state 23
    '~'       shift, and go to state 24
    '!'       shift, and go to state 25

    exponent   go to state 59
    unary_exp  go to state 31
    post_id    go to state 32
    factor     go to state 33


State 48

   21 term: term '%' . exponent
   23 exponent: . exponent '^' unary_exp
   24         | . unary_exp
   25 unary_exp: . '-' unary_exp
   26          | . '+' unary_exp
   27          | . '~' unary_exp
   28          | . '!' unary_exp
   29          | . post_id
   30 post_id: . factor
   31        | . TK_ID '(' argument_expression_list ')'
   32        | . TK_ID '(' ')'
   33        | . TK_ID '[' TK_NUM ']'
   34 factor: . TK_NUM
   35       | . TK_TRUE
   36       | . TK_FALSE
   37       | . TK_ID
   38       | . '(' expression ')'

    TK_NUM    shift, and go to state 16
    TK_TRUE   shift, and go to state 17
    TK_FALSE  shift, and go to state 18
    TK_ID     shift, and go to state 19
    '('       shift, and go to state 21
    '-'       shift, and go to state 22
    '+'       shift, and go to state 23
    '~'       shift, and go to state 24
    '!'       shift, and go to state 25

    exponent   go to state 60
    unary_exp  go to state 31
    post_id    go to state 32
    factor     go to state 33


State 49

   23 exponent: exponent '^' . unary_exp
   25 unary_exp: . '-' unary_exp
   26          | . '+' unary_exp
   27          | . '~' unary_exp
   28          | . '!' unary_exp
   29          | . post_id
   30 post_id: . factor
   31        | . TK_ID '(' argument_expression_list ')'
   32        | . TK_ID '(' ')'
   33        | . TK_ID '[' TK_NUM ']'
   34 factor: . TK_NUM
   35       | . TK_TRUE
   36       | . TK_FALSE
   37       | . TK_ID
   38       | . '(' expression ')'

    TK_NUM    shift, and go to state 16
    TK_TRUE   shift, and go to state 17
    TK_FALSE  shift, and go to state 18
    TK_ID     shift, and go to state 19
    '('       shift, and go to state 21
    '-'       shift, and go to state 22
    '+'       shift, and go to state 23
    '~'       shift, and go to state 24
    '!'       shift, and go to state 25

    unary_exp  go to state 61
    post_id    go to state 32
    factor     go to state 33


State 50

   10 print_statement: TK_PRINTLN '(' print_argument ')' .

    $default  reduce using rule 10 (print_statement)


State 51

   32 post_id: TK_ID '(' ')' .

    $default  reduce using rule 32 (post_id)


State 52

   13 argument_expression_list: argument_expression_list . ',' expression
   31 post_id: TK_ID '(' argument_expression_list . ')'

    ')'  shift, and go to state 62
    ','  shift, and go to state 63


State 53

   14 argument_expression_list: expression .

    $default  reduce using rule 14 (argument_expression_list)


State 54

   33 post_id: TK_ID '[' TK_NUM . ']'

    ']'  shift, and go to state 64


State 55

   38 factor: '(' expression ')' .

    $default  reduce using rule 38 (factor)


State 56

   17 shift_exp: shift_exp TK_SHIFT_RIGHT term .  [TK_SHIFT_RIGHT, TK_SHIFT_LEFT, ')', ',']
   19 term: term . '*' exponent
   20     | term . '/' exponent
   21     | term . '%' exponent

    '*'  shift, and go to state 46
    '/'  shift, and go to state 47
    '%'  shift, and go to state 48

    $default  reduce using rule 17 (shift_exp)


State 57

   16 shift_exp: shift_exp TK_SHIFT_LEFT term .  [TK_SHIFT_RIGHT, TK_SHIFT_LEFT, ')', ',']
   19 term: term . '*' exponent
   20     | term . '/' exponent
   21     | term . '%' exponent

    '*'  shift, and go to state 46
    '/'  shift, and go to state 47
    '%'  shift, and go to state 48

    $default  reduce using rule 16 (shift_exp)


State 58

   19 term: term '*' exponent .  [TK_SHIFT_RIGHT, TK_SHIFT_LEFT, ')', ',', '*', '/', '%']
   23 exponent: exponent . '^' unary_exp

    '^'  shift, and go to state 49

    $default  reduce using rule 19 (term)


State 59

   20 term: term '/' exponent .  [TK_SHIFT_RIGHT, TK_SHIFT_LEFT, ')', ',', '*', '/', '%']
   23 exponent: exponent . '^' unary_exp

    '^'  shift, and go to state 49

    $default  reduce using rule 20 (term)


State 60

   21 term: term '%' exponent .  [TK_SHIFT_RIGHT, TK_SHIFT_LEFT, ')', ',', '*', '/', '%']
   23 exponent: exponent . '^' unary_exp

    '^'  shift, and go to state 49

    $default  reduce using rule 21 (term)


State 61

   23 exponent: exponent '^' unary_exp .

    $default  reduce using rule 23 (exponent)


State 62

   31 post_id: TK_ID '(' argument_expression_list ')' .

    $default  reduce using rule 31 (post_id)


State 63

   13 argument_expression_list: argument_expression_list ',' . expression
   15 expression: . shift_exp
   16 shift_exp: . shift_exp TK_SHIFT_LEFT term
   17          | . shift_exp TK_SHIFT_RIGHT term
   18          | . term
   19 term: . term '*' exponent
   20     | . term '/' exponent
   21     | . term '%' exponent
   22     | . exponent
   23 exponent: . exponent '^' unary_exp
   24         | . unary_exp
   25 unary_exp: . '-' unary_exp
   26          | . '+' unary_exp
   27          | . '~' unary_exp
   28          | . '!' unary_exp
   29          | . post_id
   30 post_id: . factor
   31        | . TK_ID '(' argument_expression_list ')'
   32        | . TK_ID '(' ')'
   33        | . TK_ID '[' TK_NUM ']'
   34 factor: . TK_NUM
   35       | . TK_TRUE
   36       | . TK_FALSE
   37       | . TK_ID
   38       | . '(' expression ')'

    TK_NUM    shift, and go to state 16
    TK_TRUE   shift, and go to state 17
    TK_FALSE  shift, and go to state 18
    TK_ID     shift, and go to state 19
    '('       shift, and go to state 21
    '-'       shift, and go to state 22
    '+'       shift, and go to state 23
    '~'       shift, and go to state 24
    '!'       shift, and go to state 25

    expression  go to state 65
    shift_exp   go to state 28
    term        go to state 29
    exponent    go to state 30
    unary_exp   go to state 31
    post_id     go to state 32
    factor      go to state 33


State 64

   33 post_id: TK_ID '[' TK_NUM ']' .

    $default  reduce using rule 33 (post_id)


State 65

   13 argument_expression_list: argument_expression_list ',' expression .

    $default  reduce using rule 13 (argument_expression_list)
